  01_HelloCV.cpp
  02_자료형.cpp
  03_VideoCapture.cpp
  04_그리기.cpp
  05_이벤트 처리.cpp
  06_데이터 입출력.cpp
  07_유용한 기능(마스크, 처리시간, 수학연산).cpp
  08_영상 밝기 조절.cpp
  09_명암조절.cpp
  10_히스토그램.cpp
  11_연산.cpp
  12_필터링.cpp
  13_기하학적 변환.cpp
  14_에지 검출.cpp
  15_컬러 처리.cpp
  16_이진화.cpp
  17_모폴로지.cpp
  18_레이블링.cpp
  19_외곽선 검출.cpp
  20_외곽선 처리.cpp
  컴파일하고 있습니다...
  21_템플릿 매칭.cpp
  22_Cascade 캐스케이드.cpp
  23_hog 보행자 검출.cpp
  24_QR 코드.cpp
  25_코너검출(해리스, Fast).cpp
  26_키포인트 검출.cpp
  27_파노라마 ctitcher.cpp
  28_kNN.cpp
  코드를 생성하고 있습니다.
  Previous IPDB not found, fall back to full compilation.
  All 175 functions were compiled because no usable IPDB/IOBJ from previous compilation was found.
  코드를 생성했습니다.
  OpenCV01.vcxproj -> C:\Users\yeeso\Desktop\Study\OpenCV\OpenCV01\x64\Release\OpenCV01.exe
